{"level":"info","message":"Server is listening on port 3000!","timestamp":"2020-05-08T04:01:14.900Z"}
{"level":"info","message":"Server is listening on port 3000!","timestamp":"2020-05-08T04:02:02.306Z"}
{"level":"info","message":"Server is listening on port 3000!","timestamp":"2020-05-08T04:02:05.103Z"}
{"level":"error","message":"Error: Request failed with status code 404\n    at createError (E:\\DSV\\Crawler\\node_modules\\axios\\lib\\core\\createError.js:16:15)\n    at settle (E:\\DSV\\Crawler\\node_modules\\axios\\lib\\core\\settle.js:17:12)\n    at IncomingMessage.handleStreamEnd (E:\\DSV\\Crawler\\node_modules\\axios\\lib\\adapters\\http.js:236:11)\n    at IncomingMessage.emit (events.js:194:15)\n    at IncomingMessage.EventEmitter.emit (domain.js:459:23)\n    at endReadableNT (_stream_readable.js:1103:12)\n    at process._tickCallback (internal/process/next_tick.js:63:19)","timestamp":"2020-05-08T04:02:13.756Z"}
{"level":"info","message":"Server is listening on port 3000!","timestamp":"2020-05-08T04:02:33.148Z"}
{"level":"info","message":"Server is listening on port 3000!","timestamp":"2020-05-08T04:02:40.862Z"}
{"level":"info","message":"Server is listening on port 3000!","timestamp":"2020-05-08T04:02:53.425Z"}
{"level":"info","message":"Server is listening on port 3000!","timestamp":"2020-05-08T04:02:55.402Z"}
{"level":"info","message":"Server is listening on port 3000!","timestamp":"2020-05-08T04:02:58.514Z"}
{"level":"info","message":"Server is listening on port 3000!","timestamp":"2020-05-08T04:03:01.821Z"}
{"level":"info","message":"Server is listening on port 3000!","timestamp":"2020-05-08T04:03:16.199Z"}
{"level":"info","message":"Server is listening on port 3000!","timestamp":"2020-05-08T04:03:49.469Z"}
{"search":"mascaraasdfasdfasdfasdfasfasfasfasfd","limit":100,"level":"warn","timestamp":"2020-05-08T04:03:57.616Z"}
{"level":"info","message":"Server is listening on port 3000!","timestamp":"2020-05-08T04:05:03.997Z"}
{"level":"info","message":"Server is listening on port 3000!","timestamp":"2020-05-08T04:05:06.230Z"}
{"level":"info","message":"Server is listening on port 3000!","timestamp":"2020-05-08T04:05:08.343Z"}
{"level":"info","message":"Server is listening on port 3000!","timestamp":"2020-05-08T04:05:11.996Z"}
{"level":"info","message":"Server is listening on port 3000!","timestamp":"2020-05-08T04:05:15.685Z"}
{"level":"info","message":"Server is listening on port 3000!","timestamp":"2020-05-08T04:05:17.436Z"}
{"level":"info","message":"Server is listening on port 3000!","timestamp":"2020-05-08T04:05:20.963Z"}
{"level":"info","message":"Server is listening on port 3000!","timestamp":"2020-05-08T04:05:40.754Z"}
{"level":"info","message":"Server is listening on port 3000!","timestamp":"2020-05-08T04:05:42.604Z"}
{"level":"warn","message":"Product not found: {\"search\":\"mascaraasdfasdfasdfasdfasfasfasfasfd\",\"limit\":100}","timestamp":"2020-05-08T04:05:47.445Z"}
{"level":"info","message":"Server is listening on port 3000!","timestamp":"2020-05-08T04:10:23.393Z"}
{"level":"info","message":"Server is listening on port 3000!","timestamp":"2020-05-08T04:10:29.173Z"}
{"level":"info","message":"Server is listening on port 3000!","timestamp":"2020-05-08T04:11:17.293Z"}
{"level":"info","message":"Server is listening on port 3000!","timestamp":"2020-05-08T04:11:26.095Z"}
{"level":"info","message":"Server is listening on port 3000!","timestamp":"2020-05-08T04:11:30.083Z"}
{"level":"info","message":"Server is listening on port 3000!","timestamp":"2020-05-08T04:11:38.964Z"}
{"level":"info","message":"Server is listening on port 3000!","timestamp":"2020-05-08T04:11:46.711Z"}
{"level":"info","message":"Server is listening on port 3000!","timestamp":"2020-05-08T04:11:50.038Z"}
{"level":"info","message":"Server is listening on port 3000!","timestamp":"2020-05-08T04:11:52.339Z"}
{"level":"info","message":"Server is listening on port 3000!","timestamp":"2020-05-08T04:12:14.793Z"}
{"level":"info","message":"Server is listening on port 3000!","timestamp":"2020-05-08T04:12:16.611Z"}
{"level":"info","message":"Server is listening on port 3000!","timestamp":"2020-05-08T04:12:21.451Z"}
{"level":"info","message":"Server is listening on port 3000!","timestamp":"2020-05-08T04:12:24.118Z"}
{"level":"info","message":"Server is listening on port 3000!","timestamp":"2020-05-08T04:12:25.632Z"}
{"level":"info","message":"Server is listening on port 3000!","timestamp":"2020-05-08T04:12:31.782Z"}
{"level":"info","message":"Server is listening on port 3000!","timestamp":"2020-05-08T04:12:59.474Z"}
{"level":"info","message":"Server is listening on port 3000!","timestamp":"2020-05-08T04:13:09.006Z"}
{"level":"info","message":"Server is listening on port 3000!","timestamp":"2020-05-08T04:13:11.216Z"}
{"level":"info","message":"Server is listening on port 3000!","timestamp":"2020-05-08T04:31:22.323Z"}
{"level":"info","message":"Server is listening on port 3000!","timestamp":"2020-05-08T04:31:49.672Z"}
{"level":"warn","message":"Product not found: {\"search\":\"mascaraasdfasfdasdfsdfjasifuoasifusaidfo\",\"limit\":100}","timestamp":"2020-05-08T04:32:44.644Z"}
{"level":"info","message":"Server is listening on port 3000!","timestamp":"2020-05-08T04:33:08.738Z"}
{"level":"info","message":"Server is listening on port 3000!","timestamp":"2020-05-08T04:33:12.912Z"}
{"level":"info","message":"Server is listening on port 3000!","timestamp":"2020-05-08T04:33:49.932Z"}
{"level":"warn","message":"Product not found: {\"search\":\"mascaraasdfasfdasdfsdfjasifuoasifusaidfo\",\"limit\":100}","timestamp":"2020-05-08T04:33:54.593Z"}
{"level":"info","message":"Server is listening on port 3000!","timestamp":"2020-05-08T04:34:09.510Z"}
{"level":"info","message":"Server is listening on port 3000!","timestamp":"2020-05-08T04:34:38.704Z"}
{"level":"info","message":"Server is listening on port 3000!","timestamp":"2020-05-08T04:35:12.179Z"}
{"level":"info","message":"Server is listening on port 3000!","timestamp":"2020-05-08T04:35:15.064Z"}
{"level":"error","message":"Error: cannot divide by zero\n    at search (E:\\DSV\\Crawler\\api\\controllers\\mercadoLivreController.js:6:11)\n    at swagger_router (E:\\DSV\\Crawler\\node_modules\\swagger-node-runner\\fittings\\swagger_router.js:104:13)\n    at Runner.<anonymous> (E:\\DSV\\Crawler\\node_modules\\bagpipes\\lib\\bagpipes.js:171:7)\n    at bound (domain.js:395:14)\n    at Runner.runBound (domain.js:408:12)\n    at Runner.pipeline (E:\\DSV\\Crawler\\node_modules\\pipeworks\\pipeworks.js:72:17)\n    at Runner.flow (E:\\DSV\\Crawler\\node_modules\\pipeworks\\pipeworks.js:223:19)\n    at Pipeworks.flow (E:\\DSV\\Crawler\\node_modules\\pipeworks\\pipeworks.js:135:17)\n    at Pipeworks.siphon (E:\\DSV\\Crawler\\node_modules\\pipeworks\\pipeworks.js:186:19)\n    at Runner.<anonymous> (E:\\DSV\\Crawler\\node_modules\\bagpipes\\lib\\bagpipes.js:98:22)","timestamp":"2020-05-08T04:35:18.935Z"}
{"level":"info","message":"Server is listening on port 3000!","timestamp":"2020-05-08T04:35:34.775Z"}
{"level":"warn","message":"Product not found: {\"search\":\"mascaraasdfasfdasdfsdfjasifuoasifusaidfo\",\"limit\":100}","timestamp":"2020-05-08T04:35:59.612Z"}
{"level":"info","message":"Server is listening on port 3000!","timestamp":"2020-05-08T04:48:33.031Z"}
{"level":"info","message":"Server is listening on port 3000!","timestamp":"2020-05-08T04:48:36.906Z"}
{"level":"info","message":"Server is listening on port 3000!","timestamp":"2020-05-08T04:48:45.481Z"}
{"level":"info","message":"Server is listening on port 3000!","timestamp":"2020-05-08T04:48:58.916Z"}
{"level":"info","message":"Server is listening on port 3000!","timestamp":"2020-05-08T04:56:44.972Z"}
{"level":"info","message":"Server is listening on port 3000!","timestamp":"2020-05-08T04:59:21.763Z"}
{"level":"info","message":"Server is listening on port 3000!","timestamp":"2020-05-08T04:59:24.731Z"}
{"level":"info","message":"Server is listening on port 3000!","timestamp":"2020-05-08T04:59:26.344Z"}
{"level":"info","message":"Server is listening on port 3000!","timestamp":"2020-05-08T04:59:33.855Z"}
{"level":"info","message":"Server is listening on port 3000!","timestamp":"2020-05-08T04:59:40.105Z"}
{"level":"info","message":"Server is listening on port 3000!","timestamp":"2020-05-08T05:00:18.612Z"}
{"level":"info","message":"Server is listening on port 3000!","timestamp":"2020-05-08T05:00:22.087Z"}
{"level":"info","message":"Server is listening on port 3000!","timestamp":"2020-05-08T05:00:28.140Z"}
{"level":"info","message":"Server is listening on port 3000!","timestamp":"2020-05-08T05:02:30.038Z"}
{"level":"error","message":"TypeError: Cannot read property 'parent' of undefined\n    at Function.exports.update (E:\\DSV\\Crawler\\node_modules\\cheerio\\lib\\parse.js:69:26)\n    at module.exports (E:\\DSV\\Crawler\\node_modules\\cheerio\\lib\\parse.js:19:11)\n    at Function.exports.load (E:\\DSV\\Crawler\\node_modules\\cheerio\\lib\\static.js:27:14)\n    at searchProduct (E:\\DSV\\Crawler\\api\\services\\searchProductService.js:23:31)\n    at process._tickCallback (internal/process/next_tick.js:68:7)","timestamp":"2020-05-08T05:02:34.913Z"}
{"level":"info","message":"Server is listening on port 3000!","timestamp":"2020-05-08T05:02:56.596Z"}
{"level":"error","message":"TypeError: Cannot read property 'parent' of undefined\n    at Function.exports.update (E:\\DSV\\Crawler\\node_modules\\cheerio\\lib\\parse.js:69:26)\n    at module.exports (E:\\DSV\\Crawler\\node_modules\\cheerio\\lib\\parse.js:19:11)\n    at Function.exports.load (E:\\DSV\\Crawler\\node_modules\\cheerio\\lib\\static.js:27:14)\n    at searchProduct (E:\\DSV\\Crawler\\api\\services\\searchProductService.js:23:31)\n    at process._tickCallback (internal/process/next_tick.js:68:7)","timestamp":"2020-05-08T05:03:03.571Z"}
{"level":"info","message":"Server is listening on port 3000!","timestamp":"2020-05-08T05:03:17.883Z"}
{"level":"error","message":"TypeError: Cannot read property 'parent' of undefined\n    at Function.exports.update (E:\\DSV\\Crawler\\node_modules\\cheerio\\lib\\parse.js:69:26)\n    at module.exports (E:\\DSV\\Crawler\\node_modules\\cheerio\\lib\\parse.js:19:11)\n    at Function.exports.load (E:\\DSV\\Crawler\\node_modules\\cheerio\\lib\\static.js:27:14)\n    at searchProduct (E:\\DSV\\Crawler\\api\\services\\searchProductService.js:24:31)\n    at process._tickCallback (internal/process/next_tick.js:68:7)","timestamp":"2020-05-08T05:03:22.224Z"}
{"level":"info","message":"Server is listening on port 3000!","timestamp":"2020-05-08T05:03:30.514Z"}
{"level":"info","message":"Server is listening on port 3000!","timestamp":"2020-05-08T05:03:42.154Z"}
{"level":"info","message":"Server is listening on port 3000!","timestamp":"2020-05-08T05:03:44.544Z"}
{"level":"error","message":"TypeError: Cannot read property 'parent' of undefined\n    at Function.exports.update (E:\\DSV\\Crawler\\node_modules\\cheerio\\lib\\parse.js:69:26)\n    at module.exports (E:\\DSV\\Crawler\\node_modules\\cheerio\\lib\\parse.js:19:11)\n    at Function.exports.load (E:\\DSV\\Crawler\\node_modules\\cheerio\\lib\\static.js:27:14)\n    at searchProduct (E:\\DSV\\Crawler\\api\\services\\searchProductService.js:24:31)\n    at process._tickCallback (internal/process/next_tick.js:68:7)","timestamp":"2020-05-08T05:03:48.984Z"}
{"level":"info","message":"Server is listening on port 3000!","timestamp":"2020-05-08T05:04:45.272Z"}
{"level":"info","message":"Server is listening on port 3000!","timestamp":"2020-05-08T05:04:59.636Z"}
{"level":"error","message":"TypeError: Cannot read property 'parent' of undefined\n    at Function.exports.update (E:\\DSV\\Crawler\\node_modules\\cheerio\\lib\\parse.js:69:26)\n    at module.exports (E:\\DSV\\Crawler\\node_modules\\cheerio\\lib\\parse.js:19:11)\n    at Function.exports.load (E:\\DSV\\Crawler\\node_modules\\cheerio\\lib\\static.js:27:14)\n    at searchProduct (E:\\DSV\\Crawler\\api\\services\\searchProductService.js:24:31)\n    at process._tickCallback (internal/process/next_tick.js:68:7)","timestamp":"2020-05-08T05:05:04.126Z"}
{"level":"info","message":"Server is listening on port 3000!","timestamp":"2020-05-08T05:05:43.651Z"}
{"level":"info","message":"Server is listening on port 3000!","timestamp":"2020-05-08T05:05:45.269Z"}
{"level":"info","message":"Server is listening on port 3000!","timestamp":"2020-05-08T05:06:22.606Z"}
{"level":"info","message":"Server is listening on port 3000!","timestamp":"2020-05-08T05:06:27.827Z"}
{"level":"info","message":"Server is listening on port 3000!","timestamp":"2020-05-08T05:10:17.200Z"}
{"level":"info","message":"Server is listening on port 3000!","timestamp":"2020-05-08T05:10:57.233Z"}
{"level":"info","message":"Server is listening on port 3000!","timestamp":"2020-05-08T05:10:59.928Z"}
{"level":"info","message":"Server is listening on port 3000!","timestamp":"2020-05-08T05:11:36.342Z"}
{"level":"info","message":"Server is listening on port 3000!","timestamp":"2020-05-08T05:11:56.832Z"}
{"level":"info","message":"Server is listening on port 3000!","timestamp":"2020-05-08T05:11:59.265Z"}
{"level":"info","message":"Server is listening on port 3000!","timestamp":"2020-05-08T05:12:02.316Z"}
{"level":"info","message":"Server is listening on port 3000!","timestamp":"2020-05-08T05:13:18.532Z"}
{"level":"info","message":"Server is listening on port 3000!","timestamp":"2020-05-08T05:13:50.814Z"}
{"level":"info","message":"Server is listening on port 3000!","timestamp":"2020-05-08T05:13:53.379Z"}
{"level":"info","message":"Server is listening on port 3000!","timestamp":"2020-05-08T05:15:00.607Z"}
{"level":"error","message":"Error: 404 Not Found\n    at RequestStream.<anonymous> (E:\\DSV\\Crawler\\node_modules\\req-fast\\lib\\req_stream.js:109:35)\n    at Object.onceWrapper (events.js:277:13)\n    at ClientRequest.emit (events.js:194:15)\n    at ClientRequest.EventEmitter.emit (domain.js:459:23)\n    at HTTPParser.parserOnIncomingClient [as onIncoming] (_http_client.js:556:21)\n    at HTTPParser.parserOnHeadersComplete (_http_common.js:109:17)\n    at TLSSocket.socketOnData (_http_client.js:442:20)\n    at TLSSocket.emit (events.js:189:13)\n    at TLSSocket.EventEmitter.emit (domain.js:459:23)\n    at addChunk (_stream_readable.js:284:12)\n    at readableAddChunk (_stream_readable.js:265:11)\n    at TLSSocket.Readable.push (_stream_readable.js:220:10)\n    at TLSWrap.onStreamRead [as onread] (internal/stream_base_commons.js:94:17)","timestamp":"2020-05-08T05:15:06.961Z"}
{"level":"info","message":"Server is listening on port 3000!","timestamp":"2020-05-08T05:17:08.774Z"}
{"level":"error","message":"Error: 404 Not Found\n    at RequestStream.<anonymous> (E:\\DSV\\Crawler\\node_modules\\req-fast\\lib\\req_stream.js:109:35)\n    at Object.onceWrapper (events.js:277:13)\n    at ClientRequest.emit (events.js:194:15)\n    at ClientRequest.EventEmitter.emit (domain.js:459:23)\n    at HTTPParser.parserOnIncomingClient [as onIncoming] (_http_client.js:556:21)\n    at HTTPParser.parserOnHeadersComplete (_http_common.js:109:17)\n    at TLSSocket.socketOnData (_http_client.js:442:20)\n    at TLSSocket.emit (events.js:189:13)\n    at TLSSocket.EventEmitter.emit (domain.js:459:23)\n    at addChunk (_stream_readable.js:284:12)","timestamp":"2020-05-08T05:17:17.909Z"}
{"level":"info","message":"Server is listening on port 3000!","timestamp":"2020-05-08T05:17:30.868Z"}
{"level":"info","message":"Server is listening on port 3000!","timestamp":"2020-05-08T05:18:24.464Z"}
{"level":"info","message":"Server is listening on port 3000!","timestamp":"2020-05-08T05:20:13.640Z"}
{"level":"info","message":"Server is listening on port 3000!","timestamp":"2020-05-08T05:20:16.837Z"}
{"level":"info","message":"Server is listening on port 3000!","timestamp":"2020-05-08T05:20:32.526Z"}
{"level":"info","message":"Server is listening on port 3000!","timestamp":"2020-05-08T05:20:34.311Z"}
{"level":"info","message":"Server is listening on port 3000!","timestamp":"2020-05-08T05:20:46.136Z"}
{"level":"info","message":"Server is listening on port 3000!","timestamp":"2020-05-08T05:22:29.496Z"}
{"level":"info","message":"Server is listening on port 3000!","timestamp":"2020-05-08T05:22:32.985Z"}
{"level":"error","message":"Error: 404 Not Found\n    at RequestStream.<anonymous> (E:\\DSV\\Crawler\\node_modules\\req-fast\\lib\\req_stream.js:109:35)\n    at Object.onceWrapper (events.js:277:13)\n    at ClientRequest.emit (events.js:194:15)\n    at ClientRequest.EventEmitter.emit (domain.js:459:23)\n    at HTTPParser.parserOnIncomingClient [as onIncoming] (_http_client.js:556:21)\n    at HTTPParser.parserOnHeadersComplete (_http_common.js:109:17)\n    at TLSSocket.socketOnData (_http_client.js:442:20)\n    at TLSSocket.emit (events.js:189:13)\n    at TLSSocket.EventEmitter.emit (domain.js:459:23)\n    at addChunk (_stream_readable.js:284:12)","timestamp":"2020-05-08T05:22:50.020Z"}
{"level":"info","message":"Server is listening on port 3000!","timestamp":"2020-05-08T05:22:56.579Z"}
{"level":"error","message":"Error: 404 Not Found\n    at RequestStream.<anonymous> (E:\\DSV\\Crawler\\node_modules\\req-fast\\lib\\req_stream.js:109:35)\n    at Object.onceWrapper (events.js:277:13)\n    at ClientRequest.emit (events.js:194:15)\n    at ClientRequest.EventEmitter.emit (domain.js:459:23)\n    at HTTPParser.parserOnIncomingClient [as onIncoming] (_http_client.js:556:21)\n    at HTTPParser.parserOnHeadersComplete (_http_common.js:109:17)\n    at TLSSocket.socketOnData (_http_client.js:442:20)\n    at TLSSocket.emit (events.js:189:13)\n    at TLSSocket.EventEmitter.emit (domain.js:459:23)\n    at addChunk (_stream_readable.js:284:12)","timestamp":"2020-05-08T05:23:01.141Z"}
{"level":"info","message":"Server is listening on port 3000!","timestamp":"2020-05-08T05:23:48.205Z"}
{"level":"info","message":"Server is listening on port 3000!","timestamp":"2020-05-08T05:23:59.012Z"}
{"level":"info","message":"Server is listening on port 3000!","timestamp":"2020-05-08T05:24:08.021Z"}
{"level":"warn","message":"Product not found: {\"search\":\"123adalovelace123\",\"limit\":10}","timestamp":"2020-05-08T05:24:12.851Z"}
{"level":"info","message":"Server is listening on port 3000!","timestamp":"2020-05-08T05:25:32.959Z"}
{"level":"warn","message":"Product not found: {\"search\":\"123adalovelace123\",\"limit\":1}","timestamp":"2020-05-08T05:25:41.071Z"}
{"level":"info","message":"Server is listening on port 3000!","timestamp":"2020-05-08T05:26:08.975Z"}
{"level":"info","message":"Server is listening on port 3000!","timestamp":"2020-05-08T05:48:08.318Z"}
{"level":"info","message":"Server is listening on port 3000!","timestamp":"2020-05-08T05:49:14.523Z"}
{"level":"info","message":"Server is listening on port 3000!","timestamp":"2020-05-08T05:52:03.266Z"}
{"level":"info","message":"Server is listening on port 3000!","timestamp":"2020-05-08T05:52:09.888Z"}
{"level":"info","message":"Server is listening on port 3000!","timestamp":"2020-05-08T05:52:50.347Z"}
{"level":"info","message":"Server is listening on port 3000!","timestamp":"2020-05-08T05:53:25.309Z"}
{"level":"info","message":"Server is listening on port 3000!","timestamp":"2020-05-08T05:53:31.575Z"}
{"level":"info","message":"Server is listening on port 3000!","timestamp":"2020-05-08T05:53:40.797Z"}
{"level":"info","message":"Server is listening on port 3000!","timestamp":"2020-05-08T05:53:52.425Z"}
{"level":"info","message":"Server is listening on port 3000!","timestamp":"2020-05-08T05:54:01.417Z"}
{"level":"info","message":"Server is listening on port 3000!","timestamp":"2020-05-08T05:55:46.921Z"}
{"level":"info","message":"Server is listening on port 3000!","timestamp":"2020-05-08T05:56:12.816Z"}
{"level":"info","message":"Server is listening on port 3000!","timestamp":"2020-05-08T05:56:47.408Z"}
{"level":"info","message":"Server is listening on port 3000!","timestamp":"2020-05-08T05:57:03.361Z"}
{"level":"info","message":"Server is listening on port 3000!","timestamp":"2020-05-08T05:57:51.028Z"}
{"level":"info","message":"Server is listening on port 3000!","timestamp":"2020-05-08T05:57:58.137Z"}
{"level":"info","message":"Server is listening on port 3000!","timestamp":"2020-05-08T05:59:28.036Z"}
{"level":"info","message":"Server is listening on port 3000!","timestamp":"2020-05-08T06:00:03.403Z"}
{"level":"info","message":"Server is listening on port 3000!","timestamp":"2020-05-08T06:00:35.461Z"}
{"level":"info","message":"Server is listening on port 3000!","timestamp":"2020-05-08T06:00:47.609Z"}
{"level":"info","message":"Server is listening on port 3000!","timestamp":"2020-05-08T06:01:01.804Z"}
{"level":"info","message":"Server is listening on port 3000!","timestamp":"2020-05-08T06:01:20.875Z"}
{"level":"info","message":"Server is listening on port 3000!","timestamp":"2020-05-08T06:01:27.530Z"}
{"level":"error","message":"Error: Cannot find module '@keyv/redis'\nRequire stack:\n- /usr/crawler/node_modules/keyv/src/index.js\n- /usr/crawler/api/modules/memoise.js\n- /usr/crawler/api/controllers/mercadoLivreController.js\n- /usr/crawler/node_modules/swagger-node-runner/fittings/swagger_router.js\n- /usr/crawler/node_modules/bagpipes/lib/fittingTypes/user.js\n- /usr/crawler/node_modules/bagpipes/lib/bagpipes.js\n- /usr/crawler/node_modules/bagpipes/lib/index.js\n- /usr/crawler/node_modules/swagger-node-runner/index.js\n- /usr/crawler/node_modules/swagger-express-mw/lib/index.js\n- /usr/crawler/server.js\n    at Function.Module._resolveFilename (internal/modules/cjs/loader.js:1020:15)\n    at Function.Module._load (internal/modules/cjs/loader.js:890:27)\n    at Module.require (internal/modules/cjs/loader.js:1080:19)\n    at require (internal/modules/cjs/helpers.js:72:18)\n    at loadStore (/usr/crawler/node_modules/keyv/src/index.js:18:15)\n    at new Keyv (/usr/crawler/node_modules/keyv/src/index.js:39:22)\n    at memoise (/usr/crawler/api/modules/memoise.js:19:15)\n    at search (/usr/crawler/api/controllers/mercadoLivreController.js:8:43)\n    at swagger_router (/usr/crawler/node_modules/swagger-node-runner/fittings/swagger_router.js:104:13)\n    at Runner.<anonymous> (/usr/crawler/node_modules/bagpipes/lib/bagpipes.js:171:7)","timestamp":"2020-05-08T06:01:36.401Z"}
{"level":"info","message":"Server is listening on port 3000!","timestamp":"2020-05-08T06:07:09.327Z"}
{"level":"info","message":"Server is listening on port 3000!","timestamp":"2020-05-08T06:08:01.913Z"}
{"level":"error","message":"Error: Cannot find module '@keyv/redis'\nRequire stack:\n- /usr/crawler/node_modules/keyv/src/index.js\n- /usr/crawler/api/modules/memoise.js\n- /usr/crawler/api/controllers/mercadoLivreController.js\n- /usr/crawler/node_modules/swagger-node-runner/fittings/swagger_router.js\n- /usr/crawler/node_modules/bagpipes/lib/fittingTypes/user.js\n- /usr/crawler/node_modules/bagpipes/lib/bagpipes.js\n- /usr/crawler/node_modules/bagpipes/lib/index.js\n- /usr/crawler/node_modules/swagger-node-runner/index.js\n- /usr/crawler/node_modules/swagger-express-mw/lib/index.js\n- /usr/crawler/server.js\n    at Function.Module._resolveFilename (internal/modules/cjs/loader.js:1020:15)\n    at Function.Module._load (internal/modules/cjs/loader.js:890:27)\n    at Module.require (internal/modules/cjs/loader.js:1080:19)\n    at require (internal/modules/cjs/helpers.js:72:18)\n    at loadStore (/usr/crawler/node_modules/keyv/src/index.js:18:15)\n    at new Keyv (/usr/crawler/node_modules/keyv/src/index.js:39:22)\n    at memoise (/usr/crawler/api/modules/memoise.js:19:15)\n    at search (/usr/crawler/api/controllers/mercadoLivreController.js:8:43)\n    at swagger_router (/usr/crawler/node_modules/swagger-node-runner/fittings/swagger_router.js:104:13)\n    at Runner.<anonymous> (/usr/crawler/node_modules/bagpipes/lib/bagpipes.js:171:7)","timestamp":"2020-05-08T06:08:05.943Z"}
{"level":"info","message":"Server is listening on port 3000!","timestamp":"2020-05-08T06:32:37.623Z"}
{"level":"error","message":"ReferenceError: querySha is not defined\n    at search (E:\\DSV\\Crawler\\api\\controllers\\mercadoLivreController.js:9:49)\n    at swagger_router (E:\\DSV\\Crawler\\node_modules\\swagger-node-runner\\fittings\\swagger_router.js:104:13)\n    at Runner.<anonymous> (E:\\DSV\\Crawler\\node_modules\\bagpipes\\lib\\bagpipes.js:171:7)\n    at bound (domain.js:395:14)\n    at Runner.runBound (domain.js:408:12)\n    at Runner.pipeline (E:\\DSV\\Crawler\\node_modules\\pipeworks\\pipeworks.js:72:17)\n    at Runner.flow (E:\\DSV\\Crawler\\node_modules\\pipeworks\\pipeworks.js:223:19)\n    at Pipeworks.flow (E:\\DSV\\Crawler\\node_modules\\pipeworks\\pipeworks.js:135:17)\n    at Pipeworks.siphon (E:\\DSV\\Crawler\\node_modules\\pipeworks\\pipeworks.js:186:19)\n    at Runner.<anonymous> (E:\\DSV\\Crawler\\node_modules\\bagpipes\\lib\\bagpipes.js:98:22)","timestamp":"2020-05-08T06:32:42.390Z"}
{"level":"info","message":"Server is listening on port 3000!","timestamp":"2020-05-08T06:33:17.556Z"}
{"level":"info","message":"Server is listening on port 3000!","timestamp":"2020-05-08T06:33:50.478Z"}
{"level":"info","message":"Server is listening on port 3000!","timestamp":"2020-05-08T06:33:57.310Z"}
{"level":"info","message":"Server is listening on port 3000!","timestamp":"2020-05-08T06:33:58.913Z"}
{"level":"info","message":"Server is listening on port 3000!","timestamp":"2020-05-08T06:34:01.753Z"}
{"level":"info","message":"Server is listening on port 3000!","timestamp":"2020-05-08T06:36:48.151Z"}
{"level":"info","message":"Server is listening on port 3000!","timestamp":"2020-05-08T06:38:01.181Z"}
{"level":"info","message":"Server is listening on port 3000!","timestamp":"2020-05-08T06:39:20.301Z"}
{"level":"info","message":"Server is listening on port 3000!","timestamp":"2020-05-08T06:39:29.869Z"}
{"level":"info","message":"Server is listening on port 3000!","timestamp":"2020-05-08T06:39:47.923Z"}
{"level":"info","message":"Server is listening on port 3000!","timestamp":"2020-05-08T06:41:25.663Z"}
{"level":"info","message":"Server is listening on port 3000!","timestamp":"2020-05-08T06:41:49.173Z"}
{"level":"info","message":"Server is listening on port 3000!","timestamp":"2020-05-08T06:42:02.077Z"}
